{
  "RSpec": {
    "coverage": {
      "/media/hdd/Ruby/192/abak/app/helpers/application_helper.rb": [
        1,
        1,
        0,
        0,
        null,
        0,
        0,
        null,
        0,
        0,
        null,
        null,
        1,
        0,
        null,
        0,
        null,
        null,
        null,
        null,
        null,
        null,
        null,
        null,
        0,
        null,
        null
      ],
      "/media/hdd/Ruby/192/abak/app/controllers/categories_controller.rb": [
        null,
        1,
        1,
        null,
        1,
        2,
        null,
        null,
        1,
        2,
        1,
        null,
        1,
        null,
        null,
        null,
        1,
        1,
        1,
        null,
        null,
        1,
        1,
        1,
        null,
        null,
        1,
        2,
        2,
        1,
        null,
        1,
        1,
        1,
        1,
        null,
        0,
        0,
        0,
        null,
        null,
        null,
        null,
        1,
        2,
        1,
        null,
        1,
        null,
        null,
        null,
        1,
        4,
        1,
        null,
        3,
        1,
        null,
        2,
        2,
        2,
        null,
        null,
        null,
        null,
        1,
        2,
        1,
        null,
        1,
        1,
        null,
        null,
        null,
        1,
        null,
        1,
        11,
        11,
        4,
        4,
        null,
        null,
        null,
        1,
        5,
        null,
        null
      ],
      "/media/hdd/Ruby/192/abak/app/controllers/application_controller.rb": [
        1,
        1,
        null
      ],
      "/media/hdd/Ruby/192/abak/app/controllers/posts_controller.rb": [
        1,
        null,
        1,
        null,
        1,
        2,
        null,
        null,
        1,
        1,
        1,
        null,
        null,
        null,
        1,
        1,
        null,
        null,
        1,
        2,
        2,
        0,
        null,
        2,
        2,
        null,
        null,
        null,
        1,
        1,
        1,
        null,
        null,
        null,
        1,
        1,
        1,
        null,
        0,
        0,
        null,
        0,
        0,
        null,
        null,
        null,
        null,
        1,
        1,
        1,
        null,
        0,
        0,
        null,
        null,
        null,
        1,
        null,
        1,
        4,
        4,
        4,
        4,
        null,
        null,
        null,
        1,
        2,
        null,
        null
      ],
      "/media/hdd/Ruby/192/abak/app/models/category.rb": [
        1,
        1,
        1,
        1,
        1,
        1,
        1,
        1,
        1,
        null,
        1,
        9,
        9,
        0,
        null,
        9,
        null,
        null,
        null
      ],
      "/media/hdd/Ruby/192/abak/app/models/application_record.rb": [
        1,
        1,
        null,
        1,
        null,
        null,
        35,
        null,
        null
      ],
      "/media/hdd/Ruby/192/abak/app/models/post.rb": [
        1,
        1,
        1,
        1,
        1,
        null
      ],
      "/media/hdd/Ruby/192/abak/app/services/custom_renderer.rb": [
        0,
        0,
        0,
        0,
        0,
        0,
        0,
        0,
        0
      ]
    },
    "timestamp": 1495302793
  }
}
